Command line:
   Main_isim_beh.exe
     -simmode  gui
     -simrunnum  0
     -socket  5057

Sat Nov 26 01:09:03 2016


 Elaboration Time: 0.0625 sec

 Current Memory Usage: 847.036 Meg

 Total Signals          : 36
 Total Nets             : 250
 Total Signal Drivers   : 15
 Total Blocks           : 5
 Total Primitive Blocks : 4
 Total Processes        : 25
 Total Traceable Variables  : 34
 Total Scalar Nets and Variables : 692
Total Line Count : 102

 Total Simulation Time: 0.0625 sec

 Current Memory Usage: 847.036 Meg

Sat Nov 26 01:09:11 2016

