Command line:
   MP_isim_beh.exe
     -simmode  gui
     -simrunnum  0
     -socket  3261

Fri Nov 25 22:26:28 2016


 Elaboration Time: 0.046875 sec

 Current Memory Usage: 847.757 Meg

 Total Signals          : 19
 Total Nets             : 151
 Total Signal Drivers   : 8
 Total Blocks           : 2
 Total Primitive Blocks : 2
 Total Processes        : 14
 Total Traceable Variables  : 25
 Total Scalar Nets and Variables : 425
Total Line Count : 42

 Total Simulation Time: 0.0625 sec

 Current Memory Usage: 847.757 Meg

Fri Nov 25 22:26:35 2016

